Command: vcs -full64 -ntb_opts uvm-1.2 -debug_acc+all+reverse -l out/log/elab.log \
-sim_res=1ps -lca -kdb -top mac_tb -o out/obj/mac_tb.simv

Warning-[LCA_FEATURES_ENABLED] Usage warning
  LCA features enabled by '-lca' argument on the command line.  For more 
  information regarding list of LCA features please refer to Chapter "LCA 
  features" in the VCS/VCS-MX Release Notes

Doing common elaboration 
                         Chronologic VCS (TM)
       Version O-2018.09-SP2_Full64 -- Wed Sep 18 15:21:48 2024
               Copyright (c) 1991-2018 by Synopsys Inc.
                         ALL RIGHTS RESERVED

This program is proprietary and confidential information of Synopsys Inc.
and may be used and disclosed only as authorized in a license agreement
controlling such use and disclosure.

Top Level Modules:
       uvm_custom_install_recording
       uvm_custom_install_verdi_recording
       mac_tb
TimeScale is 1 ps / 1 ps
Starting vcs inline pass...
Notice: Ports coerced to inout, use -notice for details
17 modules and 0 UDP read.
recompiling module uvm_custom_install_verdi_recording
recompiling package xge_mac_pkg
Both modules done.
	However, due to incremental compilation, only 2 modules need to be compiled. 
make[1]: Entering directory '/home/ICer/my_prjs/10GE_MAC/uvm/sim/csrc'
rm -f _csrc*.so pre_vcsobj_*.so share_vcsobj_*.so
ld -shared  -Bsymbolic  -o .//../out/obj/mac_tb.simv.daidir//_csrc0.so objs/amcQw_d.o \

rm -f _csrc0.so
if [ -x ../out/obj/mac_tb.simv ]; then chmod -x ../out/obj/mac_tb.simv; fi
g++  -o ../out/obj/mac_tb.simv    -Wl,-rpath-link=./ -Wl,-rpath='$ORIGIN'/mac_tb.simv.daidir/ \
-Wl,-rpath=./mac_tb.simv.daidir/ -Wl,-rpath='$ORIGIN'/mac_tb.simv.daidir//scsim.db.dir \
-rdynamic -Wl,-rpath=/home/synopsys/vcs-mx/O-2018.09-SP2/linux64/lib -L/home/synopsys/vcs-mx/O-2018.09-SP2/linux64/lib \
uvm_dpi.o uvm_verdi_dpi.o     _120155_archive_1.so _prev_archive_1.so _csrc0.so  \
SIM_l.o  _csrc0.so    rmapats_mop.o rmapats.o rmar.o rmar_nd.o  rmar_llvm_0_1.o rmar_llvm_0_0.o \
-lzerosoft_rt_stubs -lerrorinf -lsnpsmalloc -lvfs    -lvcsnew -lsimprofile -lvirsim \
-luclinative -lreversedebug /home/synopsys/vcs-mx/O-2018.09-SP2/linux64/lib/vcs_tls.o \
-Wl,-whole-archive -lvcsucli -Wl,-no-whole-archive       ./../out/obj/mac_tb.simv.daidir/vc_hdrs.o \
_vcs_pli_stub_.o   /home/synopsys/vcs-mx/O-2018.09-SP2/linux64/lib/vcs_save_restore_new.o \
/home/synopsys/verdi/Verdi_O-2018.09-SP2/share/PLI/VCS/LINUX64/pli.a -ldl  -lc -lm \
-lpthread -ldl 
../out/obj/mac_tb.simv up to date
make[1]: Leaving directory '/home/ICer/my_prjs/10GE_MAC/uvm/sim/csrc'
CPU time: 5.888 seconds to compile + .260 seconds to elab + .432 seconds to link
