#######################################################################################
# log primitive debug message of FSDB dumping                                         #
# This is for R&D to analyze when there are issues happening when FSDB dump           #
#######################################################################################
ANF: vcsd_get_serial_mode_status('out/obj/mac_tb.simv: undefined symbol: vcsd_get_serial_mode_status')
ANF: vcsd_enable_sva_success_callback('out/obj/mac_tb.simv: undefined symbol: vcsd_enable_sva_success_callback')
ANF: vcsd_disable_sva_success_callback('out/obj/mac_tb.simv: undefined symbol: vcsd_disable_sva_success_callback')
ANF: vcsd_get_power_scope_name('out/obj/mac_tb.simv: undefined symbol: vcsd_get_power_scope_name')
ANF: vcsd_begin_no_value_var_info('out/obj/mac_tb.simv: undefined symbol: vcsd_begin_no_value_var_info')
ANF: vcsd_end_no_value_var_info('out/obj/mac_tb.simv: undefined symbol: vcsd_end_no_value_var_info')
ANF: vcsd_remove_xprop_merge_mode_callback('out/obj/mac_tb.simv: undefined symbol: vcsd_remove_xprop_merge_mode_callback')
ANF: vhpi_get_cb_info('out/obj/mac_tb.simv: undefined symbol: vhpi_get_cb_info')
ANF: vhpi_free_handle('out/obj/mac_tb.simv: undefined symbol: vhpi_free_handle')
ANF: vhpi_fetch_vcsd_handle('out/obj/mac_tb.simv: undefined symbol: vhpi_fetch_vcsd_handle')
ANF: vhpi_fetch_vpi_handle('out/obj/mac_tb.simv: undefined symbol: vhpi_fetch_vpi_handle')
ANF: vhpi_has_verilog_parent('out/obj/mac_tb.simv: undefined symbol: vhpi_has_verilog_parent')
ANF: vhpi_is_verilog_scope('out/obj/mac_tb.simv: undefined symbol: vhpi_is_verilog_scope')
ANF: scsd_xprop_is_enabled('out/obj/mac_tb.simv: undefined symbol: scsd_xprop_is_enabled')
ANF: scsd_xprop_sig_is_promoted('out/obj/mac_tb.simv: undefined symbol: scsd_xprop_sig_is_promoted')
ANF: scsd_xprop_int_xvalue('out/obj/mac_tb.simv: undefined symbol: scsd_xprop_int_xvalue')
ANF: scsd_xprop_bool_xvalue('out/obj/mac_tb.simv: undefined symbol: scsd_xprop_bool_xvalue')
ANF: scsd_xprop_enum_xvalue('out/obj/mac_tb.simv: undefined symbol: scsd_xprop_enum_xvalue')
ANF: scsd_xprop_register_merge_mode_cb('out/obj/mac_tb.simv: undefined symbol: scsd_xprop_register_merge_mode_cb')
ANF: scsd_xprop_delete_merge_mode_cb('out/obj/mac_tb.simv: undefined symbol: scsd_xprop_delete_merge_mode_cb')
ANF: scsd_xprop_get_merge_mode('out/obj/mac_tb.simv: undefined symbol: scsd_xprop_get_merge_mode')
ANF: scsd_thread_get_info('out/obj/mac_tb.simv: undefined symbol: scsd_thread_get_info')
ANF: scsd_thread_vc_init('out/obj/mac_tb.simv: undefined symbol: scsd_thread_vc_init')
ANF: scsd_master_set_delta_sync_cbk('out/obj/mac_tb.simv: undefined symbol: scsd_master_set_delta_sync_cbk')
ANF: scsd_fgp_get_fsdb_cores('out/obj/mac_tb.simv: undefined symbol: scsd_fgp_get_fsdb_cores')
ANF: msvEnableDumpingMode('out/obj/mac_tb.simv: undefined symbol: msvEnableDumpingMode')
ANF: msvGetVersion('out/obj/mac_tb.simv: undefined symbol: msvGetVersion')
ANF: msvGetInstProp('out/obj/mac_tb.simv: undefined symbol: msvGetInstProp')
ANF: msvIsSpiceEngineReady('out/obj/mac_tb.simv: undefined symbol: msvIsSpiceEngineReady')
ANF: msvSetAddProbeCallback('out/obj/mac_tb.simv: undefined symbol: msvSetAddProbeCallback')
ANF: msvGetInstHandle('out/obj/mac_tb.simv: undefined symbol: msvGetInstHandle')
ANF: msvGetProbeByInst('out/obj/mac_tb.simv: undefined symbol: msvGetProbeByInst')
ANF: msvGetSigHandle('out/obj/mac_tb.simv: undefined symbol: msvGetSigHandle')
ANF: msvGetProbeBySig('out/obj/mac_tb.simv: undefined symbol: msvGetProbeBySig')
ANF: msvGetProbeInfo('out/obj/mac_tb.simv: undefined symbol: msvGetProbeInfo')
ANF: msvRelease('out/obj/mac_tb.simv: undefined symbol: msvRelease')
ANF: msvSetVcCallbackFunc('out/obj/mac_tb.simv: undefined symbol: msvSetVcCallbackFunc')
ANF: msvCheckVcCallback('out/obj/mac_tb.simv: undefined symbol: msvCheckVcCallback')
ANF: msvAddVcCallback('out/obj/mac_tb.simv: undefined symbol: msvAddVcCallback')
ANF: msvRemoveVcCallback('out/obj/mac_tb.simv: undefined symbol: msvRemoveVcCallback')
ANF: msvGetLatestValue('out/obj/mac_tb.simv: undefined symbol: msvGetLatestValue')
ANF: msvSetEndofSimCallback('out/obj/mac_tb.simv: undefined symbol: msvSetEndofSimCallback')
ANF: msvIgnoredProbe('out/obj/mac_tb.simv: undefined symbol: msvIgnoredProbe')
ANF: msvGetThruNetInfo('out/obj/mac_tb.simv: undefined symbol: msvGetThruNetInfo')
ANF: msvFreeThruNetInfo('out/obj/mac_tb.simv: undefined symbol: msvFreeThruNetInfo')
ANF: PI_ace_get_output_time_unit('out/obj/mac_tb.simv: undefined symbol: PI_ace_get_output_time_unit')
ANF: PI_ace_sim_sync('out/obj/mac_tb.simv: undefined symbol: PI_ace_sim_sync')
ANF: msvGetRereadInitFile('out/obj/mac_tb.simv: undefined symbol: msvGetRereadInitFile')
ANF: msvSetBeforeRereadCallback('out/obj/mac_tb.simv: undefined symbol: msvSetBeforeRereadCallback')
ANF: msvSetAfterRereadCallback('out/obj/mac_tb.simv: undefined symbol: msvSetAfterRereadCallback')
ANF: msvSetForceCallback('out/obj/mac_tb.simv: undefined symbol: msvSetForceCallback')
ANF: msvSetReleaseCallback('out/obj/mac_tb.simv: undefined symbol: msvSetReleaseCallback')
ANF: msvGetForceStatus('out/obj/mac_tb.simv: undefined symbol: msvGetForceStatus')
ANF: vhdi_dt_get_type('out/obj/mac_tb.simv: undefined symbol: vhdi_dt_get_type')
ANF: vhdi_dt_get_key('out/obj/mac_tb.simv: undefined symbol: vhdi_dt_get_key')
ANF: vhdi_dt_get_vhdl_enum_info('out/obj/mac_tb.simv: undefined symbol: vhdi_dt_get_vhdl_enum_info')
ANF: vhdi_dt_get_vhdl_physical_info('out/obj/mac_tb.simv: undefined symbol: vhdi_dt_get_vhdl_physical_info')
ANF: vhdi_dt_get_vhdl_array_info('out/obj/mac_tb.simv: undefined symbol: vhdi_dt_get_vhdl_array_info')
ANF: vhdi_dt_get_vhdl_record_info('out/obj/mac_tb.simv: undefined symbol: vhdi_dt_get_vhdl_record_info')
ANF: vhdi_def_traverse_module('out/obj/mac_tb.simv: undefined symbol: vhdi_def_traverse_module')
ANF: vhdi_def_traverse_scope('out/obj/mac_tb.simv: undefined symbol: vhdi_def_traverse_scope')
ANF: vhdi_def_traverse_variable('out/obj/mac_tb.simv: undefined symbol: vhdi_def_traverse_variable')
ANF: vhdi_def_get_module_id_by_vhpi('out/obj/mac_tb.simv: undefined symbol: vhdi_def_get_module_id_by_vhpi')
ANF: vhdi_def_get_handle_by_module_id('out/obj/mac_tb.simv: undefined symbol: vhdi_def_get_handle_by_module_id')
ANF: vhdi_def_get_variable_info_by_vhpi('out/obj/mac_tb.simv: undefined symbol: vhdi_def_get_variable_info_by_vhpi')
ANF: vhdi_def_free('out/obj/mac_tb.simv: undefined symbol: vhdi_def_free')
ANF: vhdi_ist_traverse_scope('out/obj/mac_tb.simv: undefined symbol: vhdi_ist_traverse_scope')
ANF: vhdi_ist_traverse_variable('out/obj/mac_tb.simv: undefined symbol: vhdi_ist_traverse_variable')
ANF: vhdi_ist_convert_by_vhpi('out/obj/mac_tb.simv: undefined symbol: vhdi_ist_convert_by_vhpi')
ANF: vhdi_ist_clone('out/obj/mac_tb.simv: undefined symbol: vhdi_ist_clone')
ANF: vhdi_ist_free('out/obj/mac_tb.simv: undefined symbol: vhdi_ist_free')
ANF: vhdi_ist_hash_key('out/obj/mac_tb.simv: undefined symbol: vhdi_ist_hash_key')
ANF: vhdi_ist_compare('out/obj/mac_tb.simv: undefined symbol: vhdi_ist_compare')
ANF: vhdi_ist_get_value_addr('out/obj/mac_tb.simv: undefined symbol: vhdi_ist_get_value_addr')
ANF: vhdi_set_scsd_callback('out/obj/mac_tb.simv: undefined symbol: vhdi_set_scsd_callback')
ANF: vhdi_cbk_set_force_callback('out/obj/mac_tb.simv: undefined symbol: vhdi_cbk_set_force_callback')
ANF: vhdi_trigger_init_force('out/obj/mac_tb.simv: undefined symbol: vhdi_trigger_init_force')
ANF: vhdi_ist_check_scsd_callback('out/obj/mac_tb.simv: undefined symbol: vhdi_ist_check_scsd_callback')
ANF: vhdi_ist_add_scsd_callback('out/obj/mac_tb.simv: undefined symbol: vhdi_ist_add_scsd_callback')
ANF: vhdi_ist_remove_scsd_callback('out/obj/mac_tb.simv: undefined symbol: vhdi_ist_remove_scsd_callback')
ANF: vhdi_ist_get_scsd_user_data('out/obj/mac_tb.simv: undefined symbol: vhdi_ist_get_scsd_user_data')
ANF: vhdi_add_time_change_callback('out/obj/mac_tb.simv: undefined symbol: vhdi_add_time_change_callback')
ANF: vhdi_get_real_value_by_value_addr('out/obj/mac_tb.simv: undefined symbol: vhdi_get_real_value_by_value_addr')
ANF: vhdi_get_64_value_by_value_addr('out/obj/mac_tb.simv: undefined symbol: vhdi_get_64_value_by_value_addr')
ANF: vhdi_xprop_inst_is_promoted('out/obj/mac_tb.simv: undefined symbol: vhdi_xprop_inst_is_promoted')
ANF: vdi_ist_convert_by_vhdi('out/obj/mac_tb.simv: undefined symbol: vdi_ist_convert_by_vhdi')
ANF: vhdi_ist_get_module_id('out/obj/mac_tb.simv: undefined symbol: vhdi_ist_get_module_id')
ANF: vhdi_refine_foreign_scope_type('out/obj/mac_tb.simv: undefined symbol: vhdi_refine_foreign_scope_type')
ANF: vhdi_flush_callback('out/obj/mac_tb.simv: undefined symbol: vhdi_flush_callback')
ANF: vhdi_set_orig_name('out/obj/mac_tb.simv: undefined symbol: vhdi_set_orig_name')
ANF: vhdi_set_dump_pt('out/obj/mac_tb.simv: undefined symbol: vhdi_set_dump_pt')
ANF: vhdi_get_fsdb_option('out/obj/mac_tb.simv: undefined symbol: vhdi_get_fsdb_option')
ANF: vhdi_fgp_get_mode('out/obj/mac_tb.simv: undefined symbol: vhdi_fgp_get_mode')
ANF: vhdi_node_register_composite_var('out/obj/mac_tb.simv: undefined symbol: vhdi_node_register_composite_var')
ANF: vhdi_node_analysis('out/obj/mac_tb.simv: undefined symbol: vhdi_node_analysis')
ANF: vhdi_node_id('out/obj/mac_tb.simv: undefined symbol: vhdi_node_id')
ANF: vhdi_node_ist_check_scsd_callback('out/obj/mac_tb.simv: undefined symbol: vhdi_node_ist_check_scsd_callback')
ANF: vhdi_node_ist_add_scsd_callback('out/obj/mac_tb.simv: undefined symbol: vhdi_node_ist_add_scsd_callback')
ANF: vhdi_node_ist_get_value_addr('out/obj/mac_tb.simv: undefined symbol: vhdi_node_ist_get_value_addr')
VCS compile option:
 option[0]: out/obj/mac_tb.simv
 option[1]: -l
 option[2]: run.log
 option[3]: -sml
 option[4]: +ntb_random_seed=1
 option[5]: +UVM_TESTNAME=mac_large_packet_test
 option[6]: +UVM_VERBOSITY=UVM_HIGH
 option[7]: -cm_dir
 option[8]: out/cov.vdb
 option[9]: -cm_name
 option[10]: mac_large_packet_test_1
 option[11]: +UVM_VERDI_TRACE=UVM_AWARE+RAL+HIER+COMPWAVE
 option[12]: +UVM_TR_RECORD
 option[13]: -ucli
 option[14]: /home/synopsys/vcs-mx/O-2018.09-SP2/linux64/bin/vcs1
 option[15]: -Mcc=gcc
 option[16]: -Mcplusplus=g++
 option[17]: -Masflags=
 option[18]: -Mcfl= -pipe -DVCSMX -DUVM_DPI_DO_TYPE_CHECK -fPIC -O -I/home/synopsys/vcs-mx/O-2018.09-SP2/include 
 option[19]: -Mxcflags= -pipe -DVCSMX -DUVM_DPI_DO_TYPE_CHECK -fPIC -I/home/synopsys/vcs-mx/O-2018.09-SP2/include
 option[20]: -Mldflags= -rdynamic 
 option[21]: -Mout=out/obj/mac_tb.simv
 option[22]: -Mamsrun=
 option[23]: -Mvcsaceobjs=
 option[24]: -Mobjects= /home/synopsys/vcs-mx/O-2018.09-SP2/linux64/lib/liberrorinf.so /home/synopsys/vcs-mx/O-2018.09-SP2/linux64/lib/libsnpsmalloc.so /home/synopsys/vcs-mx/O-2018.09-SP2/linux64/lib/libvfs.so 
 option[25]: -Mexternalobj=
 option[26]: -Msaverestoreobj=/home/synopsys/vcs-mx/O-2018.09-SP2/linux64/lib/vcs_save_restore_new.o
 option[27]: -Mcrt0=
 option[28]: -Mcrtn=
 option[29]: -Mcsrc=/home/synopsys/vcs-mx/O-2018.09-SP2/etc/uvm-1.2/dpi/uvm_dpi.cc /home/synopsys/vcs-mx/O-2018.09-SP2/etc/uvm-1.2/verdi/dpi/uvm_verdi_dpi.cpp 
 option[30]: -Msyslibs=/home/synopsys/verdi/Verdi_O-2018.09-SP2/share/PLI/VCS/LINUX64/pli.a -ldl 
 option[31]: -l
 option[32]: out/log/elab.log
 option[33]: -uum
 option[34]: uvm_custom_install_recording
 option[35]: uvm_custom_install_verdi_recording
 option[36]: -uum
 option[37]: mac_tb
 option[38]: -mxunielab
 option[39]: -uni_make
 option[40]: -Xhdlxmropt
 option[41]: -full64
 option[42]: -ntb_opts
 option[43]: uvm-1.2
 option[44]: +incdir+/home/synopsys/vcs-mx/O-2018.09-SP2/etc/uvm-1.2/
 option[45]: -debug_acc+all+reverse
 option[46]: +vpi
 option[47]: +vcsd1
 option[48]: +itf+/home/synopsys/vcs-mx/O-2018.09-SP2/linux64/lib/vcsdp_lite.tab
 option[49]: -sim_res=1ps
 option[50]: -lca
 option[51]: -kdb
 option[52]: -Xufe=2steps
 option[53]: -o
 option[54]: out/obj/mac_tb.simv
 option[55]: -uum
 option[56]: -elaboration_options=/tmp/vcs_20240918072147_119230/elaboptfile_119230
 option[57]: -full64
 option[58]: -picarchive
 option[59]: -P
 option[60]: /home/synopsys/verdi/Verdi_O-2018.09-SP2/share/PLI/VCS/LINUX64/verdi.tab
 option[61]: -fsdb
 option[62]: -VHDLelab=-mxunielab -uni_make -nc -Xhdlxmropt -sim_res 1ps -lca -kdb -exe out/obj/mac_tb.simv -uum -elaboration_options /tmp/vcs_20240918072147_119230/elaboptfile_119230 -picarchive -fsdb -debug_acc_options all+reverse 
 option[63]: -gen_obj
 option[64]: -f
 option[65]: out/obj/mac_tb.simv.daidir/mxopt.db
 option[66]: -load
 option[67]: /home/synopsys/verdi/Verdi_O-2018.09-SP2/share/PLI/VCS/LINUX64/libnovas.so:FSDBDumpCmd
Chronologic Simulation VCS Release O-2018.09-SP2_Full64
Linux 3.10.0-1160.53.1.el7.x86_64 #1 SMP Fri Jan 14 13:59:45 UTC 2022 x86_64
CPU cores: 8
Limit information:
======================================
cputime		unlimited
filesize		unlimited
datasize		unlimited
stacksize		8250 kbytes
coredumpsize		0 kbytes
memoryuse		unlimited
vmemoryuse		unlimited
descriptors		4096
memorylocked		64 kbytes
maxproc		4096
======================================
(Special)Runtime environment variables:

Runtime environment variables:
LC_PAPER=zh_CN.UTF-8
XDG_VTNR=1
XDG_SESSION_ID=1
SSH_AGENT_PID=4600
LC_MONETARY=zh_CN.UTF-8
HOSTNAME=IC_EDA
IMSETTINGS_INTEGRATE_DESKTOP=yes
TERM=xterm-256color
XDG_MENU_PREFIX=gnome-
VTE_VERSION=5204
SHELL=/bin/bash
HISTSIZE=1000
MAKEFLAGS= -- TESTNAME=mac_large_packet_test
GNOME_TERMINAL_SCREEN=/org/gnome/Terminal/screen/fc7fef7d_bae5_42a2_b5f5_ea1182770aaf
QUESTASIM_HOME=/home/mentor/questasim
LC_NUMERIC=zh_CN.UTF-8
QTDIR=/usr/lib/qt-3.3
QTINC=/usr/lib/qt-3.3/include
IMSETTINGS_MODULE=none
QT_GRAPHICSSYSTEM_CHECKED=1
USER=ICer
MAKEOVERRIDES=${-*-command-variables-*-}
LD_LIBRARY_PATH=:/home/synopsys/verdi/Verdi_O-2018.09-SP2/share/PLI/lib/LINUX64:/home/synopsys/verdi/Verdi_O-2018.09-SP2/share/PLI/IUS/LINUX64/boot
LS_COLORS=rs=0:di=38;5;27:ln=38;5;51:mh=44;38;5;15:pi=40;38;5;11:so=38;5;13:do=38;5;5:bd=48;5;232;38;5;11:cd=48;5;232;38;5;3:or=48;5;232;38;5;9:mi=05;48;5;232;38;5;15:su=48;5;196;38;5;15:sg=48;5;11;38;5;16:ca=48;5;196;38;5;226:tw=48;5;10;38;5;16:ow=48;5;10;38;5;21:st=48;5;21;38;5;15:ex=38;5;34:*.tar=38;5;9:*.tgz=38;5;9:*.arc=38;5;9:*.arj=38;5;9:*.taz=38;5;9:*.lha=38;5;9:*.lz4=38;5;9:*.lzh=38;5;9:*.lzma=38;5;9:*.tlz=38;5;9:*.txz=38;5;9:*.tzo=38;5;9:*.t7z=38;5;9:*.zip=38;5;9:*.z=38;5;9:*.Z=38;5;9:*.dz=38;5;9:*.gz=38;5;9:*.lrz=38;5;9:*.lz=38;5;9:*.lzo=38;5;9:*.xz=38;5;9:*.bz2=38;5;9:*.bz=38;5;9:*.tbz=38;5;9:*.tbz2=38;5;9:*.tz=38;5;9:*.deb=38;5;9:*.rpm=38;5;9:*.jar=38;5;9:*.war=38;5;9:*.ear=38;5;9:*.sar=38;5;9:*.rar=38;5;9:*.alz=38;5;9:*.ace=38;5;9:*.zoo=38;5;9:*.cpio=38;5;9:*.7z=38;5;9:*.rz=38;5;9:*.cab=38;5;9:*.jpg=38;5;13:*.jpeg=38;5;13:*.gif=38;5;13:*.bmp=38;5;13:*.pbm=38;5;13:*.pgm=38;5;13:*.ppm=38;5;13:*.tga=38;5;13:*.xbm=38;5;13:*.xpm=38;5;13:*.tif=38;5;13:*.tiff=38;5;13:*.png=38;5;13:*.svg=38;5;13:*.svgz=38;5;13:*.mng=38;5;13:*.pcx=38;5;13:*.mov=38;5;13:*.mpg=38;5;13:*.mpeg=38;5;13:*.m2v=38;5;13:*.mkv=38;5;13:*.webm=38;5;13:*.ogm=38;5;13:*.mp4=38;5;13:*.m4v=38;5;13:*.mp4v=38;5;13:*.vob=38;5;13:*.qt=38;5;13:*.nuv=38;5;13:*.wmv=38;5;13:*.asf=38;5;13:*.rm=38;5;13:*.rmvb=38;5;13:*.flc=38;5;13:*.avi=38;5;13:*.fli=38;5;13:*.flv=38;5;13:*.gl=38;5;13:*.dl=38;5;13:*.xcf=38;5;13:*.xwd=38;5;13:*.yuv=38;5;13:*.cgm=38;5;13:*.emf=38;5;13:*.axv=38;5;13:*.anx=38;5;13:*.ogv=38;5;13:*.ogx=38;5;13:*.aac=38;5;45:*.au=38;5;45:*.flac=38;5;45:*.mid=38;5;45:*.midi=38;5;45:*.mka=38;5;45:*.mp3=38;5;45:*.mpc=38;5;45:*.ogg=38;5;45:*.ra=38;5;45:*.wav=38;5;45:*.axa=38;5;45:*.oga=38;5;45:*.spx=38;5;45:*.xspf=38;5;45:
GNOME_TERMINAL_SERVICE=:1.153
MAKE_TERMOUT=/dev/pts/0
SSH_AUTH_SOCK=/run/user/1000/keyring/ssh
DVE_HOME=/home/synopsys/vcs-mx/O-2018.09-SP2
MAKELEVEL=1
SESSION_MANAGER=local/unix:@/tmp/.ICE-unix/4380,unix/unix:/tmp/.ICE-unix/4380
USERNAME=ICer
SNPSLMD_LICENSE_FILE=27000@IC_EDA
MFLAGS=
GNOME_SHELL_SESSION_MODE=classic
MAIL=/var/spool/mail/ICer
PATH=/usr/lib/qt-3.3/bin:/usr/local/bin:/usr/local/sbin:/usr/bin:/usr/sbin:/bin:/sbin:/home/synopsys/pts/O-2018.06-SP1/bin:/home/synopsys/syn/O-2018.06-SP1/bin:/home/synopsys/lc/O-2018.06-SP1/bin:/home/synopsys/SpyGlass-L2016.06/SPYGLASS_HOME//bin:/home/synopsys/vcs-mx/O-2018.09-SP2/gui/dve/bin:/home/synopsys/vcs-mx/O-2018.09-SP2/bin:/home/synopsys/verdi/Verdi_O-2018.09-SP2/bin:/home/synopsys/verdi/Verdi_O-2018.09-SP2/platform/LINUX/bin:/home/synopsys/scl/2018.06/linux64/bin::/home/mentor/questasim/linux_x86_64:/home/Riscv_Tools/bin:/home/Riscv_Tools/riscv-gnu-toolchain/qemu-6.0.0/build/riscv32-linux-user
DESKTOP_SESSION=gnome-classic
PT_HOME=/home/synopsys/pts/O-2018.06-SP1
QT_IM_MODULE=ibus
_=out/obj/mac_tb.simv
VERDI_HOME=/home/synopsys/verdi/Verdi_O-2018.09-SP2
PWD=/home/ICer/my_prjs/10GE_MAC/uvm/sim
XDG_SESSION_TYPE=x11
VCS_HOME=/home/synopsys/vcs-mx/O-2018.09-SP2
XMODIFIERS=@im=ibus
LANG=zh_CN.UTF-8
TESTNAME=mac_large_packet_test
GDM_LANG=zh_CN.UTF-8
LC_MEASUREMENT=zh_CN.UTF-8
VCS_ARCH_OVERRIDE=linux
KDEDIRS=/usr
QEMU_HOME=/home/Riscv_Tools/riscv-gnu-toolchain/qemu-6.0.0
GDMSESSION=gnome-classic
HISTCONTROL=ignoredups
SHLVL=3
RISCV=/home/Riscv_Tools
XDG_SEAT=seat0
HOME=/home/ICer
GNOME_DESKTOP_SESSION_ID=this-is-deprecated
DC_HOME=/home/synopsys/syn/O-2018.06-SP1
LOGNAME=ICer
XDG_SESSION_DESKTOP=gnome-classic
MAKE_TERMERR=/dev/pts/0
SPYGLASS_HOME=/home/synopsys/SpyGlass-L2016.06/SPYGLASS_HOME/
QTLIB=/usr/lib/qt-3.3/lib
MGLS_LICENSE_FILE=/home/mentor/questasim/mentor.dat
DBUS_SESSION_BUS_ADDRESS=unix:abstract=/tmp/dbus-TxGwFHYqP1,guid=d7538a095e9656595e9221d06642ce8c
XDG_DATA_DIRS=/home/ICer/.local/share/flatpak/exports/share/:/var/lib/flatpak/exports/share/:/usr/local/share/:/usr/share/
LESSOPEN=||/usr/bin/lesspipe.sh %s
SCL_HOME=/home/synopsys/scl/2018.06
WINDOWPATH=1
DISPLAY=:0
XDG_RUNTIME_DIR=/run/user/1000
LC_HOME=/home/synopsys/lc/O-2018.06-SP1
QT_PLUGIN_PATH=/usr/lib64/kde4/plugins:/usr/lib/kde4/plugins
XDG_CURRENT_DESKTOP=GNOME-Classic:GNOME
LC_TIME=zh_CN.UTF-8
COLORTERM=truecolor
XAUTHORITY=/run/gdm/auth-for-ICer-Q9sO3V/database
VCS_HEAP_EXEC=true
VCS_PATHMAP_PRELOAD_DONE=1
VCS_STACK_EXEC=true
VCS_EXEC_DONE=1
LC_ALL=C
DVE=/home/synopsys/vcs-mx/O-2018.09-SP2/gui/dve
SPECMAN_OUTPUT_TO_TTY=1
Runtime command line arguments:
argv[0]=out/obj/mac_tb.simv
argv[1]=-l
argv[2]=run.log
argv[3]=-sml
argv[4]=+ntb_random_seed=1
argv[5]=+UVM_TESTNAME=mac_large_packet_test
argv[6]=+UVM_VERBOSITY=UVM_HIGH
argv[7]=-cm_dir
argv[8]=out/cov.vdb
argv[9]=-cm_name
argv[10]=mac_large_packet_test_1
argv[11]=+UVM_VERDI_TRACE=UVM_AWARE+RAL+HIER+COMPWAVE
argv[12]=+UVM_TR_RECORD
argv[13]=-ucli
292 profile - 100
          CPU/Mem usage: 0.050 sys,  0.240 user,  377.09M mem
293 Wed Sep 18 15:22:00 2024
294 pliAppInit
295 FSDB_GATE is set.
296 FSDB_RTL is set.
297 Enable Parallel Dumping.
298 pliAppMiscSet: New Sim Round
299 pliEntryInit
300 LIBSSCORE=found /home/synopsys/verdi/Verdi_O-2018.09-SP2/share/PLI/lib/LINUXAMD64/libsscore_vcs201809.so through $NOVAS_HOME setting.
301 FSDB Dumper for VCS, Release Verdi_O-2018.09-SP2, Linux x86_64/64bit, 02/21/2019
302 (C) 1996 - 2019 by Synopsys, Inc.
303 sps_call_fsdbDumpClassObjectByFile at 0 : /home/synopsys/vcs-mx/O-2018.09-SP2/etc/uvm-1.2/verdi/uvm_verdi_pli.svh(538)
304 argv[0]: (handle) uvm_custom_install_verdi_recording.\uvm_verdi_pli::dump_comp_object_by_file .st_file_name
305 *Verdi* FSDB WARNING: The FSDB file already exists. Overwriting the FSDB file may crash the programs that are using this file.
306 *Verdi* : Create FSDB file 'novas.fsdb'
307 compile option from '/home/ICer/my_prjs/10GE_MAC/uvm/sim/out/obj/mac_tb.simv.daidir/vcs_rebuild'.
308   "vcs '-full64' '-ntb_opts' 'uvm-1.2' '-debug_acc+all+reverse' '-l' 'out/log/elab.log' '-sim_res=1ps' '-lca' '-kdb' '-top' 'mac_tb' '-o' 'out/obj/mac_tb.simv' "-Xrebuild" "-makedepends=Makefile.Msimdepends""
309   "gmake -f Makefile.Msimdepends"
310   "vcs '-full64' '-ntb_opts' 'uvm-1.2' '-debug_acc+all+reverse' '-l' 'out/log/elab.log' '-sim_res=1ps' '-lca' '-kdb' '-top' 'mac_tb' '-o' 'out/obj/mac_tb.simv' 2>&1"
311 *Verdi* : Begin dumping the Class Object by file (/home/synopsys/vcs-mx/O-2018.09-SP2/etc/uvm-1.2/verdi/component.config).
312 *Verdi* : End of class object dumping.
313 sps_call_fsdbDumpfile_main at 0 : ../tb/mac_tb.sv(104)
314 argv[0]: (mac_tb.fsdb)
315 *Verdi* FSDB WARNING: The FSDB file already exists. Overwriting the FSDB file may crash the programs that are using this file.
316 *Verdi* : Create FSDB file 'mac_tb.fsdb'
317 compile option from '/home/ICer/my_prjs/10GE_MAC/uvm/sim/out/obj/mac_tb.simv.daidir/vcs_rebuild'.
318   "vcs '-full64' '-ntb_opts' 'uvm-1.2' '-debug_acc+all+reverse' '-l' 'out/log/elab.log' '-sim_res=1ps' '-lca' '-kdb' '-top' 'mac_tb' '-o' 'out/obj/mac_tb.simv' "-Xrebuild" "-makedepends=Makefile.Msimdepends""
319   "gmake -f Makefile.Msimdepends"
320   "vcs '-full64' '-ntb_opts' 'uvm-1.2' '-debug_acc+all+reverse' '-l' 'out/log/elab.log' '-sim_res=1ps' '-lca' '-kdb' '-top' 'mac_tb' '-o' 'out/obj/mac_tb.simv' 2>&1"
321 FSDB_VCS_ENABLE_FAST_VC is enable
322 sps_call_fsdbDumpvars_vd_main at 0 : ../tb/mac_tb.sv(105)
323 argv[0]: (+all)
324 [spi_vcs_vd_ppi_create_root]: no upf option
325 FSDB dumper cannot dump UPF related power signal ($power_tree): no ppiPowerNetwork.
326 *Verdi* : Begin traversing the scopes, layer (0).
327 *Verdi* : Enable +all dumping.
328 *Verdi* : End of traversing.
329 pliAppHDL_DumpVarComplete traverse var: profile - 
          CPU/Mem usage: 0.070 sys,  0.310 user,  498.53M mem
                   incr: 0.010 sys,  0.020 user,  4.78M mem
                   accu: 0.010 sys,  0.020 user,  4.78M mem
              accu incr: 0.010 sys,  0.020 user,  4.78M mem

          Count usage: 1177 var,  918 idcode,  339 callback
                 incr: 1086 var,  798 idcode,  339 callback
                 accu: 1086 var,  798 idcode,  339 callback
            accu incr: 1086 var,  798 idcode,  339 callback
330 Wed Sep 18 15:22:00 2024
331 pliAppHDL_DumpVarComplete: profile - 
          CPU/Mem usage: 0.070 sys,  0.310 user,  498.53M mem
                   incr: 0.000 sys,  0.000 user,  0.00M mem
                   accu: 0.010 sys,  0.020 user,  4.78M mem
              accu incr: 0.000 sys,  0.000 user,  0.00M mem

          Count usage: 1177 var,  918 idcode,  339 callback
                 incr: 0 var,  0 idcode,  0 callback
                 accu: 1086 var,  798 idcode,  339 callback
            accu incr: 0 var,  0 idcode,  0 callback
332 Wed Sep 18 15:22:00 2024
333 End of simulation at 1000000
334 Wed Sep 18 15:22:00 2024
335 Begin FSDB profile info:
336 FSDB Writer : bc1(2870) bcn(7084) mtf/stf(0/0)
FSDB Writer elapsed time : flush(0.011924) io wait(0.000000) theadpool wait(0.000000) target functin(0.000000)
FSDB Writer cpu time : MT Compression : 0
337 End FSDB profile info
338 Begin FSDB profile info:
339 FSDB Writer : bc1(0) bcn(0) mtf/stf(0/0)
FSDB Writer elapsed time : flush(0.002239) io wait(0.000000) theadpool wait(0.000000) target functin(0.000000)
FSDB Writer cpu time : MT Compression : 0
340 End FSDB profile info
341 Parallel profile    -  Flush:6 Expand:0 ProduceWait:0 ConsumerWait:0 BlockUsed:0
342                        ProduceTime:0.630607887 ConsumerTime:0.000000000 Buffer:64MB
343 SimExit
344 Sim process exit
