QWarning: QString::arg(): Argument missing: .11.11.-1.-1.%, 0
QWarning: QString::arg(): Argument missing: .14.14.-1.-1.%, 0
QWarning: QString::arg(): Argument missing: .21.21.-1.-1.%, 0
QWarning: QString::arg(): Argument missing: .30.30.-1.-1.%, 0
QWarning: QString::arg(): Argument missing: .42.42.-1.-1.%, 0
QWarning: QGArray::at: Absolute index 16 out of range
QWarning: QString::arg(): Argument missing: .11.11.-1.-1.%, 0
QWarning: QString::arg(): Argument missing: .14.14.-1.-1.%, 0
QWarning: QString::arg(): Argument missing: .21.21.-1.-1.%, 0
QWarning: QString::arg(): Argument missing: .30.30.-1.-1.%, 0
QWarning: QString::arg(): Argument missing: .42.42.-1.-1.%, 0
QWarning: QGArray::at: Absolute index 16 out of range
QWarning: QString::arg(): Argument missing: .11.11.-1.-1.%, 0
QWarning: QString::arg(): Argument missing: .14.14.-1.-1.%, 0
QWarning: QString::arg(): Argument missing: .21.21.-1.-1.%, 0
QWarning: QString::arg(): Argument missing: .30.30.-1.-1.%, 0
QWarning: QString::arg(): Argument missing: .42.42.-1.-1.%, 0
QWarning: QString::arg(): Argument missing: .7313.7313.6.16.%, 0
QWarning: QString::arg(): Argument missing: .7314.7314.6.18.%, 0
QWarning: QString::arg(): Argument missing: .7315.7315.6.18.%, 0
QWarning: QString::arg(): Argument missing: .7316.7316.6.14.%, 0
QWarning: QGArray::at: Absolute index 16 out of range
QWarning: QString::arg(): Argument missing: .11.11.-1.-1.%, 0
QWarning: QString::arg(): Argument missing: .14.14.-1.-1.%, 0
QWarning: QString::arg(): Argument missing: .21.21.-1.-1.%, 0
QWarning: QString::arg(): Argument missing: .30.30.-1.-1.%, 0
QWarning: QString::arg(): Argument missing: .42.42.-1.-1.%, 0
QWarning: QString::arg(): Argument missing: .11.11.-1.-1.%, 0
QWarning: QString::arg(): Argument missing: .14.14.-1.-1.%, 0
QWarning: QString::arg(): Argument missing: .21.21.-1.-1.%, 0
QWarning: QString::arg(): Argument missing: .30.30.-1.-1.%, 0
QWarning: QString::arg(): Argument missing: .42.42.-1.-1.%, 0
QWarning: QString::arg(): Argument missing: .11.11.-1.-1.%, 0
QWarning: QString::arg(): Argument missing: .14.14.-1.-1.%, 0
QWarning: QString::arg(): Argument missing: .21.21.-1.-1.%, 0
QWarning: QString::arg(): Argument missing: .30.30.-1.-1.%, 0
QWarning: QString::arg(): Argument missing: .42.42.-1.-1.%, 0
QWarning: QString::arg(): Argument missing: %d, 0
QWarning: QString::arg(): Argument missing: %d, 102
QWarning: QString::arg(): Argument missing: %d, 38
QWarning: QString::arg(): Argument missing: %d, -1
QWarning: QString::arg(): Argument missing: %d, -1
QWarning: QString::arg(): Argument missing: %d, -1
QWarning: QString::arg(): Argument missing: %d, -1
QWarning: QString::arg(): Argument missing: %d, -1
QWarning: QString::arg(): Argument missing: %d, -1
QWarning: QString::arg(): Argument missing: %d, -1
QWarning: QString::arg(): Argument missing: %d, -1
QWarning: QString::arg(): Argument missing: %d, -1
QWarning: QString::arg(): Argument missing: %d, -1
QWarning: QString::arg(): Argument missing: %d, -1
QWarning: QString::arg(): Argument missing: %d, -1
QWarning: QString::arg(): Argument missing: %d, -1
QWarning: QString::arg(): Argument missing: %d, -1
QWarning: QString::arg(): Argument missing: %d, -1
QWarning: QString::arg(): Argument missing: %d, -1
QWarning: QString::arg(): Argument missing: %d, -1
QWarning: QString::arg(): Argument missing: %d, -1
QWarning: QString::arg(): Argument missing: %d, -1
QWarning: QString::arg(): Argument missing: %d, -1
QWarning: QString::arg(): Argument missing: .11.11.-1.-1.%, 0
QWarning: QString::arg(): Argument missing: .14.14.-1.-1.%, 0
QWarning: QString::arg(): Argument missing: .21.21.-1.-1.%, 0
QWarning: QString::arg(): Argument missing: .30.30.-1.-1.%, 0
QWarning: QString::arg(): Argument missing: .42.42.-1.-1.%, 0
QWarning: QString::arg(): Argument missing: .11.11.-1.-1.%, 0
QWarning: QString::arg(): Argument missing: .14.14.-1.-1.%, 0
QWarning: QString::arg(): Argument missing: .21.21.-1.-1.%, 0
QWarning: QString::arg(): Argument missing: .30.30.-1.-1.%, 0
QWarning: QString::arg(): Argument missing: .42.42.-1.-1.%, 0
QWarning: QString::arg(): Argument missing: .11.11.-1.-1.%, 0
QWarning: QString::arg(): Argument missing: .14.14.-1.-1.%, 0
QWarning: QString::arg(): Argument missing: .21.21.-1.-1.%, 0
QWarning: QString::arg(): Argument missing: .30.30.-1.-1.%, 0
QWarning: QString::arg(): Argument missing: .42.42.-1.-1.%, 0
QWarning: QString::arg(): Argument missing: .11.11.-1.-1.%, 0
QWarning: QString::arg(): Argument missing: .14.14.-1.-1.%, 0
QWarning: QString::arg(): Argument missing: .21.21.-1.-1.%, 0
QWarning: QString::arg(): Argument missing: .30.30.-1.-1.%, 0
QWarning: QString::arg(): Argument missing: .42.42.-1.-1.%, 0
QWarning: QMetaObjectCleanUp::setMetaObject: Double use of QMetaObjectCleanUp!
